{"level":"error","message":"Get menu items error: Cast to ObjectId failed for value \"restaurantId\" (type string) at path \"restaurantId\" for model \"MenuItem\"","service":"restaurant-service","timestamp":"2025-05-05 17:59:48"}
{"level":"error","message":"Get menu items error: Cast to ObjectId failed for value \"restaurantId\" (type string) at path \"restaurantId\" for model \"MenuItem\"","service":"restaurant-service","timestamp":"2025-05-05 17:59:48"}
{"level":"error","message":"Get menu items error: Cast to ObjectId failed for value \"restaurantId\" (type string) at path \"restaurantId\" for model \"MenuItem\"","service":"restaurant-service","timestamp":"2025-05-05 18:01:21"}
{"level":"error","message":"Get menu items error: Cast to ObjectId failed for value \"restaurantId\" (type string) at path \"restaurantId\" for model \"MenuItem\"","service":"restaurant-service","timestamp":"2025-05-05 18:01:26"}
{"level":"error","message":"Get menu items error: Cast to ObjectId failed for value \"restaurantId\" (type string) at path \"restaurantId\" for model \"MenuItem\"","service":"restaurant-service","timestamp":"2025-05-05 18:01:26"}
{"level":"error","message":"Get menu items error: Cast to ObjectId failed for value \"restaurantId\" (type string) at path \"restaurantId\" for model \"MenuItem\"","service":"restaurant-service","timestamp":"2025-05-05 18:02:04"}
{"level":"error","message":"Get menu items error: Cast to ObjectId failed for value \"restaurantId\" (type string) at path \"restaurantId\" for model \"MenuItem\"","service":"restaurant-service","timestamp":"2025-05-05 18:02:04"}
{"level":"error","message":"Get menu items error: Cast to ObjectId failed for value \"restaurantId\" (type string) at path \"restaurantId\" for model \"MenuItem\"","service":"restaurant-service","timestamp":"2025-05-05 18:02:22"}
{"level":"error","message":"Get menu items error: Cast to ObjectId failed for value \"restaurantId\" (type string) at path \"restaurantId\" for model \"MenuItem\"","service":"restaurant-service","timestamp":"2025-05-05 18:02:22"}
{"level":"error","message":"Get menu items error: Cast to ObjectId failed for value \"your-actual-restaurant-id\" (type string) at path \"restaurantId\" for model \"MenuItem\"","service":"restaurant-service","timestamp":"2025-05-05 18:03:21"}
{"level":"error","message":"Get menu items error: Cast to ObjectId failed for value \"your-actual-restaurant-id\" (type string) at path \"restaurantId\" for model \"MenuItem\"","service":"restaurant-service","timestamp":"2025-05-05 18:03:21"}
{"level":"error","message":"Get menu items error: Cast to ObjectId failed for value \"your-actual-restaurant-id\" (type string) at path \"restaurantId\" for model \"MenuItem\"","service":"restaurant-service","timestamp":"2025-05-05 18:03:27"}
{"level":"error","message":"Get menu items error: Cast to ObjectId failed for value \"your-actual-restaurant-id\" (type string) at path \"restaurantId\" for model \"MenuItem\"","service":"restaurant-service","timestamp":"2025-05-05 18:03:27"}
{"level":"error","message":"Get restaurant error: Cast to ObjectId failed for value \"restaurantId\" (type string) at path \"_id\" for model \"Restaurant\"","service":"restaurant-service","timestamp":"2025-05-05 20:11:10"}
{"level":"error","message":"Get restaurant error: Cast to ObjectId failed for value \"restaurantId\" (type string) at path \"_id\" for model \"Restaurant\"","service":"restaurant-service","timestamp":"2025-05-05 20:11:10"}
{"level":"error","message":"Error: request aborted","service":"restaurant-service","timestamp":"2025-05-05 20:11:28"}
{"level":"error","message":"Get restaurant error: Cast to ObjectId failed for value \"restaurantId\" (type string) at path \"_id\" for model \"Restaurant\"","service":"restaurant-service","timestamp":"2025-05-05 20:18:42"}
{"level":"error","message":"Get restaurant error: Cast to ObjectId failed for value \"restaurantId\" (type string) at path \"_id\" for model \"Restaurant\"","service":"restaurant-service","timestamp":"2025-05-05 20:18:42"}
{"level":"error","message":"Toggle restaurant status error: Cast to ObjectId failed for value \"restaurantId\" (type string) at path \"_id\" for model \"Restaurant\"","service":"restaurant-service","timestamp":"2025-05-05 20:18:52"}
{"level":"error","message":"Toggle restaurant status error: Cast to ObjectId failed for value \"restaurantId\" (type string) at path \"_id\" for model \"Restaurant\"","service":"restaurant-service","timestamp":"2025-05-05 20:18:55"}
{"level":"error","message":"Get restaurant error: Cast to ObjectId failed for value \"restaurantId\" (type string) at path \"_id\" for model \"Restaurant\"","service":"restaurant-service","timestamp":"2025-05-05 20:22:51"}
{"level":"error","message":"Get restaurant error: Cast to ObjectId failed for value \"restaurantId\" (type string) at path \"_id\" for model \"Restaurant\"","service":"restaurant-service","timestamp":"2025-05-05 20:22:51"}
{"level":"error","message":"Get restaurant error: Cast to ObjectId failed for value \"restaurantId\" (type string) at path \"_id\" for model \"Restaurant\"","service":"restaurant-service","timestamp":"2025-05-05 20:22:58"}
{"level":"error","message":"Get restaurant error: Cast to ObjectId failed for value \"restaurantId\" (type string) at path \"_id\" for model \"Restaurant\"","service":"restaurant-service","timestamp":"2025-05-05 20:22:58"}
{"level":"error","message":"Toggle restaurant status error: Cast to ObjectId failed for value \"restaurantId\" (type string) at path \"_id\" for model \"Restaurant\"","service":"restaurant-service","timestamp":"2025-05-05 20:23:02"}
{"level":"error","message":"Toggle restaurant status error: Cast to ObjectId failed for value \"restaurantId\" (type string) at path \"_id\" for model \"Restaurant\"","service":"restaurant-service","timestamp":"2025-05-05 20:23:52"}
{"level":"error","message":"Get restaurant error: Cast to ObjectId failed for value \"restaurantId\" (type string) at path \"_id\" for model \"Restaurant\"","service":"restaurant-service","timestamp":"2025-05-05 20:24:26"}
{"level":"error","message":"Get restaurant error: Cast to ObjectId failed for value \"restaurantId\" (type string) at path \"_id\" for model \"Restaurant\"","service":"restaurant-service","timestamp":"2025-05-05 20:24:26"}
{"level":"error","message":"Get restaurant error: Cast to ObjectId failed for value \"your-actual-restaurant-id\" (type string) at path \"_id\" for model \"Restaurant\"","service":"restaurant-service","timestamp":"2025-05-05 20:29:26"}
{"level":"error","message":"Get restaurant error: Cast to ObjectId failed for value \"your-actual-restaurant-id\" (type string) at path \"_id\" for model \"Restaurant\"","service":"restaurant-service","timestamp":"2025-05-05 20:29:26"}
{"level":"error","message":"Get restaurant error: Cast to ObjectId failed for value \"your-actual-restaurant-id\" (type string) at path \"_id\" for model \"Restaurant\"","service":"restaurant-service","timestamp":"2025-05-05 20:29:29"}
{"level":"error","message":"Get restaurant error: Cast to ObjectId failed for value \"your-actual-restaurant-id\" (type string) at path \"_id\" for model \"Restaurant\"","service":"restaurant-service","timestamp":"2025-05-05 20:29:29"}
{"level":"error","message":"Toggle restaurant status error: Cast to ObjectId failed for value \"restaurantId\" (type string) at path \"_id\" for model \"Restaurant\"","service":"restaurant-service","timestamp":"2025-05-05 20:29:34"}
{"level":"error","message":"Get restaurant error: Cast to ObjectId failed for value \"restaurantId\" (type string) at path \"_id\" for model \"Restaurant\"","service":"restaurant-service","timestamp":"2025-05-05 20:30:20"}
{"level":"error","message":"Get restaurant error: Cast to ObjectId failed for value \"restaurantId\" (type string) at path \"_id\" for model \"Restaurant\"","service":"restaurant-service","timestamp":"2025-05-05 20:30:20"}
{"level":"error","message":"Get restaurant error: Cast to ObjectId failed for value \"restaurantId\" (type string) at path \"_id\" for model \"Restaurant\"","service":"restaurant-service","timestamp":"2025-05-05 20:33:01"}
{"level":"error","message":"Get restaurant error: Cast to ObjectId failed for value \"restaurantId\" (type string) at path \"_id\" for model \"Restaurant\"","service":"restaurant-service","timestamp":"2025-05-05 20:33:01"}
{"level":"error","message":"Get restaurant error: Cast to ObjectId failed for value \"restaurantId\" (type string) at path \"_id\" for model \"Restaurant\"","service":"restaurant-service","timestamp":"2025-05-05 20:33:07"}
{"level":"error","message":"Get restaurant error: Cast to ObjectId failed for value \"restaurantId\" (type string) at path \"_id\" for model \"Restaurant\"","service":"restaurant-service","timestamp":"2025-05-05 20:33:07"}
{"level":"error","message":"Toggle restaurant status error: Cast to ObjectId failed for value \"restaurantId\" (type string) at path \"_id\" for model \"Restaurant\"","service":"restaurant-service","timestamp":"2025-05-05 20:33:12"}
{"level":"error","message":"Toggle restaurant status error: Cast to ObjectId failed for value \"restaurantId\" (type string) at path \"_id\" for model \"Restaurant\"","service":"restaurant-service","timestamp":"2025-05-05 20:33:14"}
{"level":"error","message":"Toggle restaurant status error: Cast to ObjectId failed for value \"restaurantId\" (type string) at path \"_id\" for model \"Restaurant\"","service":"restaurant-service","timestamp":"2025-05-05 21:14:42"}
{"level":"error","message":"Toggle restaurant status error: Cast to ObjectId failed for value \"restaurantId\" (type string) at path \"_id\" for model \"Restaurant\"","service":"restaurant-service","timestamp":"2025-05-05 21:14:56"}
{"level":"error","message":"Toggle restaurant status error: Cast to ObjectId failed for value \"restaurantId\" (type string) at path \"_id\" for model \"Restaurant\"","service":"restaurant-service","timestamp":"2025-05-05 21:15:02"}
{"level":"error","message":"Toggle restaurant status error: Cast to ObjectId failed for value \"restaurantId\" (type string) at path \"_id\" for model \"Restaurant\"","service":"restaurant-service","timestamp":"2025-05-05 21:15:13"}
{"level":"error","message":"Toggle restaurant status error: Cast to ObjectId failed for value \"your-actual-restaurant-id\" (type string) at path \"_id\" for model \"Restaurant\"","service":"restaurant-service","timestamp":"2025-05-05 21:17:50"}
{"level":"error","message":"Toggle restaurant status error: Cast to ObjectId failed for value \"your-actual-restaurant-id\" (type string) at path \"_id\" for model \"Restaurant\"","service":"restaurant-service","timestamp":"2025-05-05 21:21:13"}
{"level":"error","message":"Get menu items error: Cast to ObjectId failed for value \"restaurantId\" (type string) at path \"restaurantId\" for model \"MenuItem\"","service":"restaurant-service","timestamp":"2025-05-06 00:21:25"}
{"level":"error","message":"Get menu items error: Cast to ObjectId failed for value \"restaurantId\" (type string) at path \"restaurantId\" for model \"MenuItem\"","service":"restaurant-service","timestamp":"2025-05-06 00:21:25"}
{"level":"error","message":"Get menu items error: Cast to ObjectId failed for value \"me\" (type string) at path \"restaurantId\" for model \"MenuItem\"","service":"restaurant-service","timestamp":"2025-05-10 11:23:49"}
{"level":"error","message":"Get menu items error: Cast to ObjectId failed for value \"me\" (type string) at path \"restaurantId\" for model \"MenuItem\"","service":"restaurant-service","timestamp":"2025-05-10 11:23:49"}
{"level":"error","message":"Get menu items error: Cast to ObjectId failed for value \"me\" (type string) at path \"restaurantId\" for model \"MenuItem\"","service":"restaurant-service","timestamp":"2025-05-10 11:23:52"}
{"level":"error","message":"Get menu items error: Cast to ObjectId failed for value \"me\" (type string) at path \"restaurantId\" for model \"MenuItem\"","service":"restaurant-service","timestamp":"2025-05-10 11:23:52"}
{"level":"error","message":"Get menu items error: Cast to ObjectId failed for value \"me\" (type string) at path \"restaurantId\" for model \"MenuItem\"","service":"restaurant-service","timestamp":"2025-05-10 11:25:17"}
{"level":"error","message":"Get menu items error: Cast to ObjectId failed for value \"me\" (type string) at path \"restaurantId\" for model \"MenuItem\"","service":"restaurant-service","timestamp":"2025-05-10 11:25:17"}
{"level":"error","message":"Get menu items error: Cast to ObjectId failed for value \"me\" (type string) at path \"restaurantId\" for model \"MenuItem\"","service":"restaurant-service","timestamp":"2025-05-10 11:25:24"}
{"level":"error","message":"Get menu items error: Cast to ObjectId failed for value \"me\" (type string) at path \"restaurantId\" for model \"MenuItem\"","service":"restaurant-service","timestamp":"2025-05-10 11:25:24"}
{"level":"error","message":"Get menu items error: Cast to ObjectId failed for value \"me\" (type string) at path \"restaurantId\" for model \"MenuItem\"","service":"restaurant-service","timestamp":"2025-05-10 11:27:12"}
{"level":"error","message":"Get menu items error: Cast to ObjectId failed for value \"me\" (type string) at path \"restaurantId\" for model \"MenuItem\"","service":"restaurant-service","timestamp":"2025-05-10 11:27:12"}
{"level":"error","message":"Get menu items error: Cast to ObjectId failed for value \"me\" (type string) at path \"restaurantId\" for model \"MenuItem\"","service":"restaurant-service","timestamp":"2025-05-10 11:27:47"}
{"level":"error","message":"Get menu items error: Cast to ObjectId failed for value \"me\" (type string) at path \"restaurantId\" for model \"MenuItem\"","service":"restaurant-service","timestamp":"2025-05-10 11:27:47"}
