{"level":"error","message":"Error proxying request to Auth Service: socket hang up","service":"api-gateway","timestamp":"2025-04-26 22:45:18"}
{"level":"error","message":"Proxy error: ","service":"api-gateway","timestamp":"2025-04-26 23:14:28"}
{"level":"error","message":"Proxy error: ","service":"api-gateway","timestamp":"2025-04-26 23:15:06"}
{"level":"error","message":"Authentication error: Bad control character in string literal in JSON at position 14 (line 1 column 15)","service":"api-gateway","timestamp":"2025-04-26 23:20:21"}
{"level":"error","message":"Proxy error: ","service":"api-gateway","timestamp":"2025-04-27 12:33:08"}
{"level":"error","message":"Proxy error: ","service":"api-gateway","timestamp":"2025-04-27 13:13:29"}
{"level":"error","message":"Proxy error: ","service":"api-gateway","timestamp":"2025-04-28 00:41:14"}
{"level":"error","message":"Proxy error: ","service":"api-gateway","timestamp":"2025-04-28 00:41:14"}
{"level":"error","message":"Proxy error: ","service":"api-gateway","timestamp":"2025-04-28 00:41:21"}
{"level":"error","message":"Proxy error: ","service":"api-gateway","timestamp":"2025-04-28 00:41:21"}
{"level":"error","message":"Proxy error: ","service":"api-gateway","timestamp":"2025-04-28 00:41:24"}
{"level":"error","message":"Proxy error: ","service":"api-gateway","timestamp":"2025-04-28 00:41:24"}
{"level":"error","message":"Authentication error: jwt expired","service":"api-gateway","timestamp":"2025-04-28 22:49:24"}
{"level":"error","message":"Authentication error: jwt malformed","service":"api-gateway","timestamp":"2025-05-05 14:30:38"}
{"level":"error","message":"Authentication error: jwt malformed","service":"api-gateway","timestamp":"2025-05-05 14:34:36"}
{"level":"error","message":"Authentication error: jwt malformed","service":"api-gateway","timestamp":"2025-05-05 14:35:51"}
{"level":"error","message":"Authentication error: jwt expired","service":"api-gateway","timestamp":"2025-05-05 15:05:35"}
{"level":"error","message":"Proxy error: ","service":"api-gateway","timestamp":"2025-05-10 11:20:32"}
{"level":"error","message":"Proxy error: ","service":"api-gateway","timestamp":"2025-05-10 11:58:24"}
{"level":"error","message":"Proxy error: ","service":"api-gateway","timestamp":"2025-05-10 12:16:10"}
{"level":"error","message":"Proxy error: ","service":"api-gateway","timestamp":"2025-05-10 12:16:13"}
{"level":"error","message":"Proxy error: ","service":"api-gateway","timestamp":"2025-05-10 12:16:19"}
{"level":"error","message":"Proxy error: ","service":"api-gateway","timestamp":"2025-05-10 13:18:15"}
{"level":"error","message":"Proxy error: ","service":"api-gateway","timestamp":"2025-05-10 13:22:21"}
{"level":"error","message":"Proxy error: connect ECONNREFUSED 172.22.0.3:3003","service":"api-gateway","timestamp":"2025-05-10 08:26:25"}
{"level":"error","message":"Proxy error: connect ECONNREFUSED 172.22.0.3:3003","service":"api-gateway","timestamp":"2025-05-10 08:37:33"}
{"level":"error","message":"Proxy error: connect ECONNREFUSED 172.22.0.3:3003","service":"api-gateway","timestamp":"2025-05-10 08:38:34"}
{"level":"error","message":"Proxy error: connect ECONNREFUSED 172.22.0.3:3003","service":"api-gateway","timestamp":"2025-05-10 08:41:06"}
{"level":"error","message":"Proxy error: connect ECONNREFUSED 172.22.0.3:3003","service":"api-gateway","timestamp":"2025-05-10 08:43:09"}
