{"level":"error","message":"Create order error: Order validation failed: restaurantId: Cast to ObjectId failed for value \"1\" (type string) at path \"restaurantId\" because of \"BSONError\", items.0.menuItemId: Cast to ObjectId failed for value \"101[{\"name\":\"Size\",\"value\":\"Regular\"}]\" (type string) at path \"menuItemId\" because of \"BSONError\"","service":"order-service","timestamp":"2025-04-27 12:51:52"}
{"level":"error","message":"Get order error: Cast to ObjectId failed for value \"customer\" (type string) at path \"_id\" for model \"Order\"","service":"order-service","timestamp":"2025-04-27 14:02:36"}
{"level":"error","message":"Get order error: Cast to ObjectId failed for value \"customer\" (type string) at path \"_id\" for model \"Order\"","service":"order-service","timestamp":"2025-04-27 14:02:36"}
{"level":"error","message":"Get order error: Cast to ObjectId failed for value \"customer\" (type string) at path \"_id\" for model \"Order\"","service":"order-service","timestamp":"2025-04-27 14:02:39"}
{"level":"error","message":"Get order error: Cast to ObjectId failed for value \"customer\" (type string) at path \"_id\" for model \"Order\"","service":"order-service","timestamp":"2025-04-27 14:02:40"}
{"level":"error","message":"Get order error: Cast to ObjectId failed for value \"customer\" (type string) at path \"_id\" for model \"Order\"","service":"order-service","timestamp":"2025-04-27 14:02:41"}
{"level":"error","message":"Get order error: Cast to ObjectId failed for value \"customer\" (type string) at path \"_id\" for model \"Order\"","service":"order-service","timestamp":"2025-04-27 14:03:15"}
{"level":"error","message":"Get order error: Cast to ObjectId failed for value \"customer\" (type string) at path \"_id\" for model \"Order\"","service":"order-service","timestamp":"2025-04-27 14:03:15"}
{"level":"error","message":"Get order error: Cast to ObjectId failed for value \"customer\" (type string) at path \"_id\" for model \"Order\"","service":"order-service","timestamp":"2025-04-27 23:04:09"}
{"level":"error","message":"Get order error: Cast to ObjectId failed for value \"customer\" (type string) at path \"_id\" for model \"Order\"","service":"order-service","timestamp":"2025-04-27 23:04:09"}
{"level":"error","message":"Failed to notify restaurant service: Invalid URL","service":"order-service","timestamp":"2025-04-27 23:27:23"}
{"level":"error","message":"Get order error: Cast to ObjectId failed for value \"customer\" (type string) at path \"_id\" for model \"Order\"","service":"order-service","timestamp":"2025-04-27 23:27:43"}
{"level":"error","message":"Get order error: Cast to ObjectId failed for value \"customer\" (type string) at path \"_id\" for model \"Order\"","service":"order-service","timestamp":"2025-04-27 23:27:43"}
{"level":"error","message":"Get order error: Cast to ObjectId failed for value \"customer\" (type string) at path \"_id\" for model \"Order\"","service":"order-service","timestamp":"2025-04-27 23:28:14"}
{"level":"error","message":"Failed to notify restaurant service: Invalid URL","service":"order-service","timestamp":"2025-04-27 23:29:13"}
{"level":"error","message":"Get order error: Cast to ObjectId failed for value \"customer\" (type string) at path \"_id\" for model \"Order\"","service":"order-service","timestamp":"2025-04-27 23:29:25"}
{"level":"error","message":"Get order error: Cast to ObjectId failed for value \"nearby\" (type string) at path \"_id\" for model \"Order\"","service":"order-service","timestamp":"2025-04-28 00:34:59"}
{"level":"error","message":"Failed to notify restaurant service: Invalid URL","service":"order-service","timestamp":"2025-04-28 00:47:23"}
{"level":"error","message":"Get order error: Cast to ObjectId failed for value \"customer\" (type string) at path \"_id\" for model \"Order\"","service":"order-service","timestamp":"2025-04-28 00:48:23"}
{"level":"error","message":"Failed to notify restaurant service: Invalid URL","service":"order-service","timestamp":"2025-04-28 01:26:16"}
{"level":"error","message":"Get order error: Cast to ObjectId failed for value \"customer\" (type string) at path \"_id\" for model \"Order\"","service":"order-service","timestamp":"2025-04-28 06:29:45"}
{"level":"error","message":"Get order error: Cast to ObjectId failed for value \"customer\" (type string) at path \"_id\" for model \"Order\"","service":"order-service","timestamp":"2025-04-28 06:29:45"}
{"level":"error","message":"Failed to notify restaurant service: Invalid URL","service":"order-service","timestamp":"2025-04-28 06:30:01"}
{"level":"error","message":"Failed to notify restaurant service: Invalid URL","service":"order-service","timestamp":"2025-04-28 06:30:10"}
{"level":"error","message":"Get order error: Cast to ObjectId failed for value \"customer\" (type string) at path \"_id\" for model \"Order\"","service":"order-service","timestamp":"2025-04-28 06:30:33"}
{"level":"error","message":"Get order error: Cast to ObjectId failed for value \"customer\" (type string) at path \"_id\" for model \"Order\"","service":"order-service","timestamp":"2025-04-28 06:30:33"}
{"level":"error","message":"Get order error: Cast to ObjectId failed for value \"customer\" (type string) at path \"_id\" for model \"Order\"","service":"order-service","timestamp":"2025-04-28 06:45:08"}
{"level":"error","message":"Get order error: Cast to ObjectId failed for value \"customer\" (type string) at path \"_id\" for model \"Order\"","service":"order-service","timestamp":"2025-04-28 06:45:08"}
{"level":"error","message":"Failed to notify restaurant service: Invalid URL","service":"order-service","timestamp":"2025-04-28 06:46:13"}
{"level":"error","message":"Create order error: Order validation failed: items.0.menuItemId: Cast to ObjectId failed for value \"680e13a6f4fd197e548bff63nameTypevalueEgg\" (type string) at path \"menuItemId\" because of \"BSONError\"","service":"order-service","timestamp":"2025-04-28 06:48:42"}
{"level":"error","message":"Create order error: Order validation failed: items.0.menuItemId: Cast to ObjectId failed for value \"680e13a6f4fd197e548bff63nameTypevalueEgg\" (type string) at path \"menuItemId\" because of \"BSONError\"","service":"order-service","timestamp":"2025-04-28 06:49:20"}
{"level":"error","message":"Failed to notify restaurant service: Invalid URL","service":"order-service","timestamp":"2025-04-28 06:49:43"}
{"level":"error","message":"Failed to notify restaurant service: Invalid URL","service":"order-service","timestamp":"2025-04-28 19:31:33"}
{"level":"error","message":"Get order error: Cast to ObjectId failed for value \"customer\" (type string) at path \"_id\" for model \"Order\"","service":"order-service","timestamp":"2025-04-28 19:37:16"}
{"level":"error","message":"Get order error: Cast to ObjectId failed for value \"ready-for-pickup\" (type string) at path \"_id\" for model \"Order\"","service":"order-service","timestamp":"2025-04-28 20:01:10"}
{"level":"error","message":"Get order error: Cast to ObjectId failed for value \"ready-for-pickup\" (type string) at path \"_id\" for model \"Order\"","service":"order-service","timestamp":"2025-04-28 20:01:50"}
{"level":"error","message":"Get order error: Cast to ObjectId failed for value \"ready-for-pickup\" (type string) at path \"_id\" for model \"Order\"","service":"order-service","timestamp":"2025-04-28 20:01:56"}
{"level":"error","message":"Get order error: Cast to ObjectId failed for value \"ready-for-pickup\" (type string) at path \"_id\" for model \"Order\"","service":"order-service","timestamp":"2025-04-28 21:11:48"}
{"level":"error","message":"Get order error: Cast to ObjectId failed for value \"ready-for-pickup\" (type string) at path \"_id\" for model \"Order\"","service":"order-service","timestamp":"2025-04-28 21:27:41"}
{"level":"error","message":"Get order error: Cast to ObjectId failed for value \"ready-for-pickup\" (type string) at path \"_id\" for model \"Order\"","service":"order-service","timestamp":"2025-04-28 21:28:00"}
{"level":"error","message":"Get order error: Cast to ObjectId failed for value \"ready-for-pickup\" (type string) at path \"_id\" for model \"Order\"","service":"order-service","timestamp":"2025-04-28 21:49:01"}
{"level":"error","message":"Get order error: Cast to ObjectId failed for value \"ready-for-pickup\" (type string) at path \"_id\" for model \"Order\"","service":"order-service","timestamp":"2025-04-28 22:25:22"}
{"level":"error","message":"Get order error: Cast to ObjectId failed for value \"ready-for-pickup\" (type string) at path \"_id\" for model \"Order\"","service":"order-service","timestamp":"2025-04-28 22:46:34"}
{"level":"error","message":"Get order error: Cast to ObjectId failed for value \"customer\" (type string) at path \"_id\" for model \"Order\"","service":"order-service","timestamp":"2025-04-28 22:49:04"}
{"level":"error","message":"Get order error: Cast to ObjectId failed for value \"customer\" (type string) at path \"_id\" for model \"Order\"","service":"order-service","timestamp":"2025-04-28 23:01:12"}
{"level":"error","message":"Failed to notify restaurant service: Invalid URL","service":"order-service","timestamp":"2025-04-28 23:06:54"}
{"level":"error","message":"MongoDB connection error: querySrv ETIMEOUT _mongodb._tcp.fooddelivery.ouayq.mongodb.net","service":"order-service","timestamp":"2025-05-11 11:58:42"}
{"level":"error","message":"Failed to notify restaurant service: Invalid URL","service":"order-service","timestamp":"2025-05-11 09:47:32"}
{"level":"error","message":"Failed to notify restaurant service: Invalid URL","service":"order-service","timestamp":"2025-05-11 09:48:12"}
{"level":"error","message":"Update order status error: Cast to ObjectId failed for value \"Special Butter Chicken\" (type string) at path \"_id\" for model \"Order\"","service":"order-service","timestamp":"2025-05-11 09:49:04"}
{"level":"error","message":"Update order status error: Cast to ObjectId failed for value \"Special Butter Chicken\" (type string) at path \"_id\" for model \"Order\"","service":"order-service","timestamp":"2025-05-11 09:52:31"}
{"level":"error","message":"Update order status error: Cast to ObjectId failed for value \"Special Butter Chicken\" (type string) at path \"_id\" for model \"Order\"","service":"order-service","timestamp":"2025-05-11 10:18:34"}
{"level":"error","message":"Update order status error: Cast to ObjectId failed for value \"Special Butter Chicken\" (type string) at path \"_id\" for model \"Order\"","service":"order-service","timestamp":"2025-05-11 10:32:44"}
{"level":"error","message":"Update order status error: Cast to ObjectId failed for value \"Special Butter Chicken\" (type string) at path \"_id\" for model \"Order\"","service":"order-service","timestamp":"2025-05-11 10:37:34"}
{"level":"error","message":"Get order error: Cast to ObjectId failed for value \"customer\" (type string) at path \"_id\" for model \"Order\"","service":"order-service","timestamp":"2025-05-11 11:13:07"}
{"level":"error","message":"Get order error: Cast to ObjectId failed for value \"customer\" (type string) at path \"_id\" for model \"Order\"","service":"order-service","timestamp":"2025-05-11 11:13:07"}
{"level":"error","message":"Update order status error: Cast to ObjectId failed for value \"Special Butter Chicken\" (type string) at path \"_id\" for model \"Order\"","service":"order-service","timestamp":"2025-05-11 11:14:33"}
{"level":"error","message":"Update order status error: Cast to ObjectId failed for value \"Special Butter Chicken\" (type string) at path \"_id\" for model \"Order\"","service":"order-service","timestamp":"2025-05-11 12:02:01"}
{"level":"error","message":"Update order status error: Cast to ObjectId failed for value \"Special Butter Chicken\" (type string) at path \"_id\" for model \"Order\"","service":"order-service","timestamp":"2025-05-11 12:06:57"}
{"level":"error","message":"Update order status error: Cast to ObjectId failed for value \"Special Butter Chicken\" (type string) at path \"_id\" for model \"Order\"","service":"order-service","timestamp":"2025-05-12 08:14:45"}
{"level":"error","message":"Update order status error: Cast to ObjectId failed for value \"Special Butter Chicken\" (type string) at path \"_id\" for model \"Order\"","service":"order-service","timestamp":"2025-05-12 08:17:01"}
{"level":"error","message":"Update order status error: Cast to ObjectId failed for value \"Special Butter Chicken\" (type string) at path \"_id\" for model \"Order\"","service":"order-service","timestamp":"2025-05-12 08:18:29"}
{"level":"error","message":"Update order status error: Cast to ObjectId failed for value \"Special Butter Chicken\" (type string) at path \"_id\" for model \"Order\"","service":"order-service","timestamp":"2025-05-12 08:23:57"}
{"level":"error","message":"Update order status error: Cast to ObjectId failed for value \"Special Butter Chicken\" (type string) at path \"_id\" for model \"Order\"","service":"order-service","timestamp":"2025-05-12 08:26:18"}
{"level":"error","message":"Failed to notify restaurant service: Invalid URL","service":"order-service","timestamp":"2025-05-12 14:08:07"}
{"level":"error","message":"Update order status error: Cast to ObjectId failed for value \"Ramen\" (type string) at path \"_id\" for model \"Order\"","service":"order-service","timestamp":"2025-05-12 14:21:51"}
{"level":"error","message":"Update order status error: Cast to ObjectId failed for value \"Ramen\" (type string) at path \"_id\" for model \"Order\"","service":"order-service","timestamp":"2025-05-12 14:30:34"}
{"level":"error","message":"Failed to notify restaurant service: Invalid URL","service":"order-service","timestamp":"2025-05-12 14:34:19"}
{"level":"error","message":"Update order status error: Cast to ObjectId failed for value \"Pizza\" (type string) at path \"_id\" for model \"Order\"","service":"order-service","timestamp":"2025-05-12 17:42:59"}
{"level":"error","message":"Update order status error: Cast to ObjectId failed for value \"Pizza\" (type string) at path \"_id\" for model \"Order\"","service":"order-service","timestamp":"2025-05-12 17:56:06"}
{"level":"error","message":"Update order status error: Cast to ObjectId failed for value \"Pizza\" (type string) at path \"_id\" for model \"Order\"","service":"order-service","timestamp":"2025-05-12 18:02:47"}
{"level":"error","message":"Update order status error: Cast to ObjectId failed for value \"Pizza\" (type string) at path \"_id\" for model \"Order\"","service":"order-service","timestamp":"2025-05-12 18:05:19"}
{"level":"error","message":"Update order status error: Cast to ObjectId failed for value \"Pizza\" (type string) at path \"_id\" for model \"Order\"","service":"order-service","timestamp":"2025-05-12 18:09:20"}
{"level":"error","message":"Update order status error: Cast to ObjectId failed for value \"Pizza\" (type string) at path \"_id\" for model \"Order\"","service":"order-service","timestamp":"2025-05-12 18:29:40"}
{"level":"error","message":"Update order status error: Cast to ObjectId failed for value \"Pizza\" (type string) at path \"_id\" for model \"Order\"","service":"order-service","timestamp":"2025-05-12 18:51:20"}
{"level":"error","message":"Failed to notify restaurant service: Invalid URL","service":"order-service","timestamp":"2025-05-15 05:20:40"}
{"level":"error","message":"Update order status error: Cast to ObjectId failed for value \"Pizza\" (type string) at path \"_id\" for model \"Order\"","service":"order-service","timestamp":"2025-05-15 05:25:20"}
{"level":"error","message":"Update order status error: Cast to ObjectId failed for value \"Pizza\" (type string) at path \"_id\" for model \"Order\"","service":"order-service","timestamp":"2025-05-15 05:29:28"}
{"level":"error","message":"Failed to notify restaurant service: Invalid URL","service":"order-service","timestamp":"2025-05-15 07:15:44"}
{"level":"error","message":"Update order status error: Cast to ObjectId failed for value \"Ramen\" (type string) at path \"_id\" for model \"Order\"","service":"order-service","timestamp":"2025-05-15 07:50:59"}
{"level":"error","message":"Update order status error: Cast to ObjectId failed for value \"Ramen\" (type string) at path \"_id\" for model \"Order\"","service":"order-service","timestamp":"2025-05-15 07:54:11"}
{"level":"error","message":"Update order status error: Cast to ObjectId failed for value \"Ramen\" (type string) at path \"_id\" for model \"Order\"","service":"order-service","timestamp":"2025-05-15 07:58:33"}
{"level":"error","message":"Update order status error: Cast to ObjectId failed for value \"Ramen\" (type string) at path \"_id\" for model \"Order\"","service":"order-service","timestamp":"2025-05-16 04:16:51"}
{"level":"error","message":"Failed to notify restaurant service: Invalid URL","service":"order-service","timestamp":"2025-05-16 05:09:52"}
